make[1]: Entering directory '/workspaces/liquid_kernel_realme_even/out'
  GEN     ./Makefile
scripts/kconfig/conf  --silentoldconfig Kconfig
  CHK     include/config/kernel.release
  UPD     include/config/kernel.release
  GEN     ./Makefile
  WRAP    arch/arm64/include/generated/uapi/asm/errno.h
  WRAP    arch/arm64/include/generated/uapi/asm/ioctls.h
  WRAP    arch/arm64/include/generated/uapi/asm/ioctl.h
  WRAP    arch/arm64/include/generated/uapi/asm/ipcbuf.h
  WRAP    arch/arm64/include/generated/uapi/asm/kvm_para.h
  WRAP    arch/arm64/include/generated/uapi/asm/mman.h
  WRAP    arch/arm64/include/generated/uapi/asm/msgbuf.h
  WRAP    arch/arm64/include/generated/uapi/asm/poll.h
  WRAP    arch/arm64/include/generated/uapi/asm/resource.h
  WRAP    arch/arm64/include/generated/uapi/asm/sembuf.h
  WRAP    arch/arm64/include/generated/uapi/asm/shmbuf.h
  WRAP    arch/arm64/include/generated/uapi/asm/socket.h
  WRAP    arch/arm64/include/generated/uapi/asm/sockios.h
  WRAP    arch/arm64/include/generated/uapi/asm/swab.h
  WRAP    arch/arm64/include/generated/uapi/asm/termbits.h
  WRAP    arch/arm64/include/generated/uapi/asm/termios.h
  WRAP    arch/arm64/include/generated/uapi/asm/types.h
  CHK     include/generated/uapi/linux/version.h
  UPD     include/generated/uapi/linux/version.h
  CHK     include/generated/utsrelease.h
  UPD     include/generated/utsrelease.h
  HOSTCC  scripts/basic/fixdep
  HOSTCC  scripts/basic/bin2c
  Using .. as source for kernel
  WRAP    arch/arm64/include/generated/asm/bugs.h
  WRAP    arch/arm64/include/generated/asm/clkdev.h
  WRAP    arch/arm64/include/generated/asm/delay.h
  WRAP    arch/arm64/include/generated/asm/div64.h
  WRAP    arch/arm64/include/generated/asm/dma.h
  WRAP    arch/arm64/include/generated/asm/dma-contiguous.h
  WRAP    arch/arm64/include/generated/asm/early_ioremap.h
  WRAP    arch/arm64/include/generated/asm/emergency-restart.h
  WRAP    arch/arm64/include/generated/asm/hw_irq.h
  WRAP    arch/arm64/include/generated/asm/irq_regs.h
  WRAP    arch/arm64/include/generated/asm/kdebug.h
  WRAP    arch/arm64/include/generated/asm/kmap_types.h
  WRAP    arch/arm64/include/generated/asm/local.h
  WRAP    arch/arm64/include/generated/asm/local64.h
  WRAP    arch/arm64/include/generated/asm/mcs_spinlock.h
  WRAP    arch/arm64/include/generated/asm/mm-arch-hooks.h
  WRAP    arch/arm64/include/generated/asm/msi.h
  WRAP    arch/arm64/include/generated/asm/preempt.h
  WRAP    arch/arm64/include/generated/asm/rwsem.h
  WRAP    arch/arm64/include/generated/asm/segment.h
  WRAP    arch/arm64/include/generated/asm/serial.h
  WRAP    arch/arm64/include/generated/asm/set_memory.h
  WRAP    arch/arm64/include/generated/asm/sizes.h
  WRAP    arch/arm64/include/generated/asm/switch_to.h
  WRAP    arch/arm64/include/generated/asm/trace_clock.h
  WRAP    arch/arm64/include/generated/asm/unaligned.h
  WRAP    arch/arm64/include/generated/asm/user.h
  WRAP    arch/arm64/include/generated/asm/vga.h
  HOSTCC  scripts/dtc/dtc.o
  HOSTCC  scripts/dtc/flattree.o
  HOSTCC  scripts/dtc/fstree.o
  HOSTCC  scripts/genksyms/genksyms.o
  HOSTCC  scripts/dtc/data.o
  HOSTCC  scripts/dtc/livetree.o
  SHIPPED scripts/genksyms/parse.tab.c
  SHIPPED scripts/genksyms/lex.lex.c
  SHIPPED scripts/genksyms/parse.tab.h
  HOSTCC  scripts/genksyms/parse.tab.o
  HOSTCC  scripts/dtc/treesource.o
  HOSTCC  scripts/dtc/srcpos.o
  HOSTCC  scripts/dtc/checks.o
  HOSTCC  scripts/genksyms/lex.lex.o
  HOSTCC  scripts/dtc/util.o
..
  SHIPPED scripts/dtc/dtc-lexer.lex.c
  SHIPPED scripts/dtc/dtc-parser.tab.h
  SHIPPED scripts/dtc/dtc-parser.tab.c
  HOSTCC  scripts/dtc/dtc-lexer.lex.o
FDVT: Drv use 4.0 folder
..
..
  HOSTCC  scripts/dtc/dtc-parser.tab.o
..
..
..
  HOSTLD  scripts/genksyms/genksyms
../drivers/misc/mediatek/ccu/src/1.2/Makefile:24: CCU_INC=../drivers/misc/mediatek/ccu/src/mt6768/ccu_ext_interface
  CC      scripts/mod/empty.o
  HOSTCC  scripts/selinux/genheaders/genheaders
  HOSTLD  scripts/dtc/dtc
  HOSTCC  scripts/mod/mk_elfconfig
  HOSTCC  scripts/selinux/mdp/mdp
  CC      scripts/mod/devicetable-offsets.s
  MKELF   scripts/mod/elfconfig.h
  HOSTCC  scripts/mod/modpost.o
  HOSTCC  scripts/mod/sumversion.o
  CHK     scripts/mod/devicetable-offsets.h
  UPD     scripts/mod/devicetable-offsets.h
  HOSTCC  scripts/mod/file2alias.o
************  drivers/trusty/mtee-kree mk ************
MTK_GPU_VERSION 1 = mali
*MTK_GPU_VERSION 2 = bifrost
*MTK_GPU_VERSION 3 = r25p0
mali MTK evironment, building r19p0 DDK
mtk-Kbuild CONFIG_MALI_PLATFORM_THIRDPARTY := y
mtk-Kbuild CONFIG_MALI_PLATFORM_THIRDPARTY_NAME := "mt6768"
mali MTK evironment, building r19p0 DDK
mtk-Kbuild CONFIG_MALI_PLATFORM_THIRDPARTY := y
mtk-Kbuild CONFIG_MALI_PLATFORM_THIRDPARTY_NAME := "mt6768"
mali MTK evironment, building r19p0 DDK
mtk-Kbuild CONFIG_MALI_PLATFORM_THIRDPARTY := y
mtk-Kbuild CONFIG_MALI_PLATFORM_THIRDPARTY_NAME := "mt6768"
  HOSTLD  scripts/mod/modpost
  HOSTCC  scripts/kallsyms
imgsensor drv by common ../common/v1/pascala_truly_main_s5kgm1sp/ ../common/v1/pascala_hlt_front_s5k4h7/ ../common/v1/pascala_shengtai_macro_ov02b10/ ../common/v1/pascala_shengtai_wide_ov8856/ ../common/v1/pascala_truly2_main_s5kgm1sp/ ../common/v1/even_shinetech_main_s5kjn103/ ../common/v1/even_qtech_main_s5kgm1st03/ ../common/v1/even_qtech_main_ov13b10/ ../common/v1/even_hlt_front_s5k4h7/ ../common/v1/even_hlt_depth_gc02m1b/ ../common/v1/even_shengtai_macro_ov02b10/ ../common/v1/even_shengtai_front_ov8856/ ../common/v1/evenc_shinetech_depth_gc02m1b/ ../common/v1/evenc_shengtai_front_ov8856/ ../common/v1/evenc_shengtai_macro_ov02b10/
  HOSTCC  scripts/pnmtologo
  HOSTCC  scripts/sortextable
  HOSTCC  scripts/asn1_compiler
  HOSTCC  scripts/extract-cert
  CC      kernel/bounds.s
  CHK     include/generated/timeconst.h
  UPD     include/generated/timeconst.h
  CHK     include/generated/bounds.h
  UPD     include/generated/bounds.h
  CC      arch/arm64/kernel/asm-offsets.s
TCORE_UT_TESTS_SUPPORT = n
TCORE_PROFILING_SUPPORT = n
TCORE_PROFILING_AUTO_DUMP = n
TCORE_MEMORY_LEAK_DETECTION_SUPPORT = n
  CHK     include/generated/asm-offsets.h
  UPD     include/generated/asm-offsets.h
  CALL    ../scripts/checksyscalls.sh
  LDS     arch/arm64/kernel/vdso/vdso.lds
  VDSOA   arch/arm64/kernel/vdso/note.o
  VDSOA   arch/arm64/kernel/vdso/gettimeofday.o
  VDSOA   arch/arm64/kernel/vdso/sigreturn.o
  LD      arch/arm64/kernel/vdso/vdso.so.dbg
  VDSOSYM include/generated/vdso-offsets.h
  CC      init/main.o
  CC      init/do_mounts.o
  CHK     include/generated/compile.h
  HOSTCC  usr/gen_init_cpio
  UPD     include/generated/compile.h
  CC      init/do_mounts_rd.o
  GEN     usr/initramfs_data.cpio
  AS      usr/initramfs_data.o
  AR      usr/built-in.o
  CC      arch/arm64/kernel/debug-monitors.o
  CC      init/do_mounts_initrd.o
  AS      arch/arm64/kernel/entry.o
  CC      init/noinitramfs.o
  CC      arch/arm64/kernel/irq.o
  CC      init/initramfs.o
  CC      init/calibrate.o
  CC      arch/arm64/kernel/fpsimd.o
  CC      init/init_task.o
  AS      arch/arm64/kernel/entry-fpsimd.o
  CC      arch/arm64/kernel/process.o
  CC      init/version.o
  CC      arch/arm64/kernel/ptrace.o
  AR      init/mounts.o
  CC      arch/arm64/kernel/setup.o
  AR      init/built-in.o
  CC      arch/arm64/kernel/signal.o
  CC      arch/arm64/mm/dma-mapping.o
  CC      arch/arm64/kernel/sys.o
  CC      arch/arm64/kernel/stacktrace.o
  CC      arch/arm64/kernel/time.o
  CC      arch/arm64/mm/extable.o
  CC      arch/arm64/kernel/traps.o
  CC      arch/arm64/mm/fault.o
  CC      arch/arm64/mm/init.o
  CC      arch/arm64/net/bpf_jit_comp.o
  CC      arch/arm64/kernel/io.o
  CC      arch/arm64/kernel/vdso.o
  AS      arch/arm64/mm/cache.o
  CC      arch/arm64/mm/copypage.o
  AS      arch/arm64/kernel/hyp-stub.o
  CC      arch/arm64/kernel/psci.o
  CC      arch/arm64/kernel/cpu_ops.o
  AR      arch/arm64/net/built-in.o
  CC      arch/arm64/kernel/insn.o
  CC      arch/arm64/crypto/sha2-ce-glue.o
  CC      arch/arm64/mm/flush.o
  CC      arch/arm64/kernel/module.o
  AS      arch/arm64/crypto/sha2-ce-core.o
  CC      kernel/fork.o
  AS      arch/arm64/crypto/aes-ce-core.o
  CC      arch/arm64/mm/ioremap.o
  CC      arch/arm64/crypto/aes-ce-glue.o
  CC      arch/arm64/kernel/return_address.o
  CC      arch/arm64/crypto/aes-glue-ce.o
  CC      arch/arm64/mm/mmap.o
  CC      arch/arm64/kernel/cpuinfo.o
  CC      arch/arm64/mm/pgd.o
  AS      arch/arm64/crypto/aes-ce.o
  CC      arch/arm64/crypto/sha256-glue.o
  CC      arch/arm64/kernel/cpu_errata.o
  CC      arch/arm64/mm/mmu.o
  CC      arch/arm64/kernel/cpufeature.o
../arch/arm64/kernel/cpufeature.c:981:13: warning: unused function 'cpu_enable_ssbs' [-Wunused-function]
static void cpu_enable_ssbs(const struct arm64_cpu_capabilities *__unused)
            ^
  SHIPPED arch/arm64/crypto/sha256-core.S
  AS      arch/arm64/crypto/aes-cipher-core.o
  CC      kernel/exec_domain.o
  CC      arch/arm64/crypto/aes-cipher-glue.o
1 warning generated.
  CC      arch/arm64/mm/context.o
  CC      kernel/panic.o
  CC      arch/arm64/kernel/alternative.o
  AR      arch/arm64/crypto/sha2-ce.o
  AR      arch/arm64/crypto/aes-ce-cipher.o
  AR      arch/arm64/crypto/aes-ce-blk.o
  AS      arch/arm64/crypto/sha256-core.o
  AR      arch/arm64/crypto/aes-arm64.o
  AR      arch/arm64/crypto/sha256-arm64.o
  AR      arch/arm64/crypto/built-in.o
  CC      certs/system_keyring.o
  AS      arch/arm64/mm/proc.o
  CC      arch/arm64/mm/pageattr.o
  CC      arch/arm64/kernel/cacheinfo.o
  EXTRACT_CERTS   
  AS      certs/system_certificates.o
  AR      certs/built-in.o
  CC      arch/arm64/kernel/smp.o
  CC      mm/filemap.o
  CC      kernel/cpu.o
  AS      arch/arm64/mm/cache-mtk-v8.o
  AR      arch/arm64/mm/built-in.o
  CC      mm/mempool.o
  CC      arch/arm64/kernel/smp_spin_table.o
  CC      arch/arm64/kernel/topology.o
  AS      arch/arm64/kernel/smccc-call.o
  CC      arch/arm64/kernel/sys32.o
  CC      kernel/exit.o
  CC      mm/oom_kill.o
  AS      arch/arm64/kernel/kuser32.o
  CC      arch/arm64/kernel/signal32.o
  CC      arch/arm64/kernel/sys_compat.o
  CC      kernel/softirq.o
  CC      kernel/resource.o
  AS      arch/arm64/kernel/entry32.o
  CC      mm/maccess.o
  CC      arch/arm64/kernel/arm64ksyms.o
  CC      kernel/sysctl.o
  CC      mm/page_alloc.o
  CC      arch/arm64/kernel/module-plts.o
  CC      kernel/sysctl_binary.o
  CC      arch/arm64/kernel/perf_regs.o
  CC      arch/arm64/kernel/perf_callchain.o
  CC      kernel/capability.o
  CC      arch/arm64/kernel/perf_event.o
  CC      kernel/ptrace.o
  CC      kernel/user.o
  CC      arch/arm64/kernel/hw_breakpoint.o
  CC      mm/page-writeback.o
  AS      arch/arm64/kernel/sleep.o
  CC      arch/arm64/kernel/suspend.o
  CC      kernel/signal.o
  CC      mm/readahead.o
  CC      arch/arm64/kernel/cpuidle.o
  CC      arch/arm64/kernel/armv8_deprecated.o
  CC      arch/arm64/kernel/kaslr.o
  CC      mm/swap.o
  CC      arch/arm64/kernel/ssbd.o
  CC      arch/arm64/kernel/probes/uprobes.o
  CC      arch/arm64/kernel/rootguard/oplus_root_check.o
  CC      arch/arm64/kernel/probes/decode-insn.o
  CC      arch/arm64/kernel/rootguard/oplus_exec_block.o
  CC      arch/arm64/kernel/probes/simulate-insn.o
  CC      kernel/sys.o
  CC      mm/truncate.o
  AR      arch/arm64/kernel/probes/built-in.o
  OBJCOPY arch/arm64/kernel/vdso/vdso.so
  AS      arch/arm64/kernel/vdso/vdso.o
  AR      arch/arm64/kernel/vdso/built-in.o
  AS      arch/arm64/kernel/oplus_root.o
  CC      arch/arm64/kernel/rootguard/oplus_mount_block.o
  AS      arch/arm64/kernel/head.o
  LDS     arch/arm64/kernel/vmlinux.lds
  CC      mm/vmscan.o
  CC      arch/arm64/kernel/rootguard/oplus_guard_general.o
  CC      mm/shmem.o
  CC      arch/arm64/kernel/rootguard/oplus_hook_syscall.o
  AR      arch/arm64/kernel/rootguard/built-in.o
  AR      arch/arm64/kernel/built-in.o
  CC      kernel/umh.o
  CC      fs/open.o
  CC      kernel/workqueue.o
  CC      mm/util.o
  CC      mm/mmzone.o
  CC      mm/vmstat.o
  CC      fs/read_write.o
  CC      mm/backing-dev.o
  CC      fs/file_table.o
  CC      mm/mm_init.o
  CC      fs/super.o
  CC      kernel/pid.o
  CC      fs/char_dev.o
  CC      mm/mmu_context.o
  CC      mm/percpu.o
  CC      fs/stat.o
  CC      kernel/task_work.o
  CC      fs/exec.o
  CC      kernel/extable.o
  CC      fs/pipe.o
  CC      kernel/params.o
  CC      mm/slab_common.o
  CC      fs/namei.o
  CC      kernel/kthread.o
  CC      fs/fcntl.o
  CC      mm/compaction.o
  CC      fs/ioctl.o
  CC      kernel/sys_ni.o
  CC      kernel/nsproxy.o
  CC      kernel/notifier.o
  CC      fs/readdir.o
  CC      fs/select.o
  CC      mm/vmacache.o
  CC      kernel/ksysfs.o
  CC      fs/dcache.o
  CC      mm/swap_slots.o
  CC      kernel/cred.o
  CC      fs/inode.o
  CC      mm/interval_tree.o
  CC      fs/attr.o
  CC      mm/list_lru.o
  CC      kernel/reboot.o
  CC      fs/bad_inode.o
  CC      fs/file.o
  CC      mm/workingset.o
  CC      kernel/async.o
  CC      mm/debug.o
  CC      mm/gup.o
  CC      kernel/range.o
  CC      kernel/smpboot.o
  CC      fs/filesystems.o
  CC      mm/highmem.o
  CC      kernel/ucount.o
  CC      kernel/kmod.o
  CC      mm/memory.o
  CC      mm/mincore.o
  CC      fs/namespace.o
  CC      mm/mlock.o
  CC      kernel/groups.o
  CC      kernel/panic_flush.o
  CC      mm/mmap.o
  CC      mm/mprotect.o
  CC      fs/seq_file.o
  CC      kernel/bpf/core.o
  CC      mm/mremap.o
  CC      fs/xattr.o
  CC      fs/libfs.o
  CC      mm/msync.o
  CC      kernel/bpf/syscall.o
  CC      mm/page_vma_mapped.o
  CC      kernel/bpf/verifier.o
  CC      fs/fs-writeback.o
  CC      mm/pagewalk.o
  CC      mm/pgtable-generic.o
  CC      mm/rmap.o
  CC      kernel/bpf/inode.o
  CC      fs/pnode.o
  CC      kernel/bpf/helpers.o
  CC      mm/vmalloc.o
  CC      kernel/bpf/tnum.o
  CC      kernel/bpf/hashtab.o
  CC      fs/splice.o
  CC      mm/process_vm_access.o
  CC      mm/init-mm.o
  CC      kernel/bpf/arraymap.o
  CC      mm/nobootmem.o
  CC      mm/fadvise.o
  CC      fs/sync.o
  CC      mm/madvise.o
  CC      kernel/cgroup/cgroup.o
  CC      kernel/bpf/percpu_freelist.o
  CC      kernel/bpf/bpf_lru_list.o
  CC      fs/utimes.o
  CC      kernel/bpf/lpm_trie.o
  CC      mm/memblock.o
  CC      fs/stack.o
  CC      kernel/bpf/map_in_map.o
  CC      mm/page_io.o
  CC      fs/fs_struct.o
  CC      kernel/bpf/devmap.o
  CC      mm/swap_state.o
  CC      fs/statfs.o
  CC      kernel/bpf/stackmap.o
  CC      mm/swapfile.o
  CC      kernel/cgroup/namespace.o
  CC      kernel/bpf/cgroup.o
  CC      fs/fs_pin.o
  CC      fs/nsfs.o
  CC      kernel/cgroup/cgroup-v1.o
  CC      fs/buffer.o
  AR      kernel/bpf/built-in.o
  CC      kernel/events/core.o
  CC      mm/dmapool.o
  CC      kernel/cgroup/freezer.o
  CC      kernel/cgroup/pids.o
  CC      mm/sparse.o
  CC      kernel/cgroup/rdma.o
  CC      fs/block_dev.o
  CC      mm/sparse-vmemmap.o
  CC      kernel/cgroup/cpuset.o
  CC      mm/slub.o
  CC      fs/direct-io.o
  CC      kernel/cgroup/debug.o
  CC      kernel/events/ring_buffer.o
  CC      mm/migrate.o
  AR      kernel/cgroup/built-in.o
  CC      kernel/events/callchain.o
  CC      fs/mpage.o
  CC      kernel/events/hw_breakpoint.o
  CC      kernel/events/uprobes.o
  CC      mm/page_counter.o
  CC      fs/proc_namespace.o
  CC      mm/memcontrol.o
  CC      mm/vmpressure.o
  CC      fs/configfs/inode.o
  CC      mm/swap_cgroup.o
  AR      kernel/events/built-in.o
  CC      kernel/irq/irqdesc.o
  CC      kernel/irq/handle.o
  CC      fs/configfs/file.o
  CC      fs/configfs/dir.o
  CC      kernel/irq/manage.o
  CC      kernel/irq/spurious.o
  CC      kernel/irq/resend.o
  CC      fs/configfs/symlink.o
  CC      kernel/irq/chip.o
  AR      ipc/built-in.o
  CC      fs/configfs/mount.o
  CC      security/integrity/iint.o
  CC      mm/page_isolation.o
  CC      security/integrity/integrity_audit.o
  CC      fs/configfs/item.o
  CC      kernel/irq/dummychip.o
  CC      mm/zsmalloc.o
  AR      security/integrity/integrity.o
  AR      security/integrity/built-in.o
  CC      security/keys/gc.o
  AR      fs/configfs/configfs.o
  AR      fs/configfs/built-in.o
  CC      fs/crypto/crypto.o
  CC      kernel/irq/devres.o
  CC      security/keys/key.o
  CC      kernel/irq/autoprobe.o
  CC      fs/crypto/fname.o
  CC      mm/early_ioremap.o
  CC      security/keys/keyring.o
  CC      mm/cma.o
  CC      kernel/irq/irqdomain.o
  CC      fs/crypto/hkdf.o
  CC      fs/crypto/hooks.o
  CC      mm/frame_vector.o
  CC      security/keys/keyctl.o
  CC      kernel/irq/proc.o
  CC      security/keys/permission.o
  CC      fs/crypto/keyring.o
  CC      mm/usercopy.o
  CC      kernel/irq/cpuhotplug.o
  CC      security/keys/process_keys.o
  CC      kernel/irq/pm.o
  CC      mm/oppo_healthinfo/memory_monitor.o
  CC      fs/crypto/keysetup.o
  AR      mm/oppo_healthinfo/built-in.o
  CC      mm/process_mm_reclaim.o
  CC      security/keys/request_key.o
  CC      kernel/irq/affinity.o
  CC      fs/crypto/keysetup_v1.o
  CC      mm/multi_freearea.o
  CC      kernel/irq/sbalance.o
  CC      fs/crypto/policy.o
  CC      security/keys/request_key_auth.o
  CC      mm/resmap_account.o
  AR      kernel/irq/built-in.o
  CC      kernel/keventupload/oplus_kevent_upload.o
  CC      security/keys/user_defined.o
  CC      fs/crypto/bio.o
  CC      security/keys/compat.o
  CC      mm/vm_anti_fragment.o
  AR      kernel/keventupload/built-in.o
  AR      kernel/livepatch/built-in.o
  CC      kernel/locking/mutex.o
  CC      security/keys/proc.o
  CC      fs/crypto/inline_crypt.o
  AR      mm/built-in.o
  CC      security/keys/sysctl.o
  CC      crypto/api.o
  CC      kernel/locking/semaphore.o
  AR      security/keys/built-in.o
  GEN     security/selinux/flask.h security/selinux/av_permissions.h
  CC      security/selinux/avc.o
  AR      fs/crypto/fscrypto.o
  AR      fs/crypto/built-in.o
  CC      fs/devpts/inode.o
  CC      kernel/locking/rwsem.o
  CC      crypto/cipher.o
  AR      fs/devpts/devpts.o
  AR      fs/devpts/built-in.o
  CC      fs/erofs/super.o
  CC      kernel/locking/percpu-rwsem.o
  CC      security/selinux/hooks.o
  CC      crypto/compress.o
  CC      kernel/locking/spinlock.o
  CC      fs/erofs/inode.o
  CC      crypto/memneq.o
  CC      kernel/locking/osq_lock.o
  CC      fs/erofs/data.o
  CC      kernel/locking/rtmutex.o
  CC      crypto/crypto_wq.o
  CC      fs/erofs/namei.o
  CC      kernel/locking/rwsem-xadd.o
  CC      crypto/algapi.o
  CC      security/selinux/selinuxfs.o
  CC      fs/erofs/dir.o
  AR      kernel/locking/built-in.o
  CC      kernel/power/qos.o
  CC      fs/erofs/utils.o
  CC      fs/erofs/xattr.o
  CC      crypto/scatterwalk.o
  CC      security/selinux/netlink.o
  CC      fs/erofs/decompressor.o
  CC      kernel/power/main.o
  CC      security/selinux/nlmsgtab.o
  CC      crypto/proc.o
  CC      fs/erofs/zmap.o
  CC      security/selinux/netif.o
  CC      kernel/power/process.o
  CC      crypto/aead.o
  CC      fs/erofs/zdata.o
  CC      kernel/power/suspend.o
  CC      security/selinux/netnode.o
../kernel/power/suspend.c:585:12: warning: unused function 'sys_sync_queue' [-Wunused-function]
static int sys_sync_queue(void)
           ^
  CC      fs/erofs/lz4.o
1 warning generated.
  CC      crypto/ablkcipher.o
  CC      security/selinux/netport.o
  CC      fs/erofs/lz4armv8/lz4accel.o
  CC      kernel/power/wakelock.o
  AS      fs/erofs/lz4armv8/lz4armv8.o
  AR      fs/erofs/erofs.o
  AR      fs/erofs/built-in.o
  AR      fs/exofs/built-in.o
  CC      fs/exportfs/expfs.o
  CC      crypto/blkcipher.o
  CC      security/selinux/ibpkey.o
  CC      kernel/power/poweroff.o
  AR      fs/exportfs/exportfs.o
  CC      kernel/power/wakeup_reason.o
  AR      fs/exportfs/built-in.o
  CC      fs/fat/cache.o
  CC      security/selinux/exports.o
  CC      fs/fat/dir.o
  CC      crypto/skcipher.o
  AR      kernel/power/built-in.o
  CC      kernel/printk/printk.o
  CC      security/selinux/ss/ebitmap.o
  CC      security/selinux/ss/hashtab.o
  CC      crypto/seqiv.o
  CC      fs/fat/fatent.o
  CC      security/selinux/ss/symtab.o
  CC      security/selinux/ss/sidtab.o
  CC      crypto/echainiv.o
  CC      kernel/printk/printk_safe.o
  CC      fs/fat/file.o
  CC      crypto/ahash.o
  AR      kernel/printk/built-in.o
  CC      kernel/rcu/update.o
  CC      security/selinux/ss/avtab.o
  CC      fs/fat/inode.o
  CC      kernel/rcu/sync.o
  CC      crypto/shash.o
  CC      security/selinux/ss/policydb.o
  CC      kernel/rcu/srcutree.o
  CC      crypto/akcipher.o
  CC      fs/fat/misc.o
  CC      kernel/rcu/tree.o
  CC      security/selinux/ss/services.o
  CC      fs/fat/nfs.o
  CC      crypto/kpp.o
  CC      fs/fat/namei_vfat.o
  ASN.1   crypto/rsapubkey-asn1.c
  ASN.1   crypto/rsaprivkey-asn1.c
  CC      crypto/rsa.o
  CC      fs/fat/namei_msdos.o
  CC      kernel/rcu/rcu_segcblist.o
  CC      crypto/rsa_helper.o
  CC      security/selinux/ss/conditional.o
  CC      crypto/rsa-pkcs1pad.o
  AR      kernel/rcu/built-in.o
  AR      fs/fat/fat.o
  AR      fs/fat/vfat.o
  AR      fs/fat/msdos.o
  AR      fs/fat/built-in.o
  CC      kernel/sched/core.o
  CC      fs/fuse/dev.o
  CC      crypto/acompress.o
  CC      security/selinux/ss/mls.o
  CC      crypto/scompress.o
../kernel/sched/core.c:4702:6: warning: unused variable 'i' [-Wunused-variable]
        int i = 0;
            ^
  CC      security/selinux/ss/status.o
  CC      fs/fuse/dir.o
  AR      security/selinux/selinux.o
  AR      security/selinux/built-in.o
  CC      security/commoncap.o
  CC      crypto/algboss.o
  CC      crypto/testmgr.o
  CC      security/min_addr.o
  CC      fs/fuse/file.o
  CC      security/security.o
  CC      crypto/cmac.o
  CC      crypto/hmac.o
1 warning generated.
  CC      fs/fuse/inode.o
  CC      crypto/xcbc.o
  CC      security/lsm_audit.o
  CC      crypto/crypto_null.o
  CC      kernel/sched/loadavg.o
  CC      fs/fuse/control.o
  CC      security/device_cgroup.o
  CC      crypto/md5.o
  CC      fs/fuse/xattr.o
  CC      kernel/sched/clock.o
  AR      security/built-in.o
  CC      block/bio.o
  CC      fs/fuse/acl.o
  CC      kernel/sched/cputime.o
  CC      crypto/sha1_generic.o
  AR      fs/fuse/fuse.o
  AR      fs/fuse/built-in.o
  CC      fs/incfs/data_mgmt.o
  CC      kernel/sched/idle_task.o
  CC      crypto/sha256_generic.o
  CC      fs/incfs/format.o
  CC      kernel/sched/fair.o
  CC      block/elevator.o
  CC      fs/incfs/integrity.o
../kernel/sched/fair.c:9053:23: warning: ISO C90 forbids mixing declarations and code [-Wdeclaration-after-statement]
                struct task_struct *pos;
                                    ^
../kernel/sched/fair.c:11383:8: warning: ISO C90 forbids mixing declarations and code [-Wdeclaration-after-statement]
                        int cpu = env.dst_cpu;
                            ^
  CC      fs/incfs/main.o
  CC      crypto/sha512_generic.o
  CC      fs/incfs/vfs.o
  CC      block/blk-core.o
  AR      fs/incfs/incrementalfs.o
  AR      fs/incfs/built-in.o
  CC      fs/isofs/namei.o
  CC      crypto/gf128mul.o
  CC      fs/isofs/inode.o
  CC      crypto/ecb.o
  CC      fs/isofs/dir.o
  CC      crypto/cbc.o
  CC      block/blk-tag.o
  CC      fs/isofs/util.o
  CC      crypto/cts.o
  CC      fs/isofs/rock.o
  CC      block/blk-sysfs.o
  CC      crypto/xts.o
  CC      fs/isofs/export.o
  CC      block/blk-flush.o
  CC      fs/isofs/joliet.o
  CC      crypto/ctr.o
  CC      fs/isofs/compress.o
  CC      block/blk-settings.o
  CC      crypto/gcm.o
  AR      fs/isofs/isofs.o
  AR      fs/isofs/built-in.o
  CC      fs/jbd2/transaction.o
  CC      block/blk-ioc.o
2 warnings generated.
  CC      crypto/ccm.o
  CC      kernel/sched/rt.o
  CC      fs/jbd2/commit.o
  CC      block/blk-map.o
  CC      crypto/cryptd.o
  CC      kernel/sched/deadline.o
  CC      block/blk-exec.o
  CC      fs/jbd2/recovery.o
  CC      crypto/des_generic.o
  CC      fs/jbd2/checkpoint.o
  CC      block/blk-merge.o
  CC      kernel/sched/wait.o
  CC      crypto/blowfish_generic.o
  CC      fs/jbd2/revoke.o
  CC      crypto/blowfish_common.o
  CC      kernel/sched/wait_bit.o
  CC      fs/jbd2/journal.o
  CC      block/blk-softirq.o
  CC      kernel/sched/swait.o
  CC      crypto/twofish_generic.o
  CC      crypto/twofish_common.o
  CC      kernel/sched/completion.o
  CC      block/blk-timeout.o
  CC      kernel/sched/idle.o
  CC      crypto/aes_generic.o
  CC      block/blk-lib.o
  AR      fs/jbd2/jbd2.o
  AR      fs/jbd2/built-in.o
  CC      fs/kernfs/mount.o
  CC      crypto/arc4.o
  CC      kernel/sched/cpupri.o
  CC      block/blk-mq.o
  CC      fs/kernfs/inode.o
  CC      crypto/deflate.o
  CC      kernel/sched/cpudeadline.o
  CC      kernel/sched/topology.o
  CC      crypto/crc32c_generic.o
  CC      fs/kernfs/dir.o
  CC      crypto/crc32_generic.o
  CC      kernel/sched/stop_task.o
  CC      fs/kernfs/file.o
  CC      crypto/authenc.o
  CC      block/blk-mq-tag.o
  CC      kernel/sched/energy.o
  CC      kernel/sched/walt.o
  CC      fs/kernfs/symlink.o
  CC      crypto/authencesn.o
  CC      block/blk-stat.o
  AR      fs/kernfs/built-in.o
  CC      fs/nls/nls_base.o
  CC      kernel/sched/stats.o
  CC      fs/nls/nls_cp437.o
  CC      crypto/lzo.o
  CC      block/blk-mq-sysfs.o
  CC      fs/nls/nls_cp950.o
  CC      crypto/lz4.o
  CC      kernel/sched/debug.o
  CC      fs/nls/nls_ascii.o
  CC      crypto/rng.o
  CC      block/blk-mq-cpumap.o
  CC      fs/nls/nls_iso8859-1.o
  CC      fs/nls/nls_utf8.o
  CC      kernel/sched/tune.o
  AR      fs/nls/built-in.o
  CC      fs/notify/fsnotify.o
  CC      crypto/drbg.o
  CC      block/blk-mq-sched.o
  CC      fs/notify/notification.o
  CC      crypto/jitterentropy.o
  CC      crypto/jitterentropy-kcapi.o
  CC      kernel/sched/cpuacct.o
  CC      block/ioctl.o
  CC      crypto/ghash-generic.o
  CC      fs/notify/group.o
  CC      kernel/sched/cpufreq.o
  CC      fs/notify/mark.o
  CC      crypto/asymmetric_keys/asymmetric_type.o
  CC      block/genhd.o
  CC      kernel/sched/cpufreq_schedutil.o
  CC      fs/notify/fdinfo.o
  CC      crypto/asymmetric_keys/restrict.o
  CC      fs/notify/dnotify/dnotify.o
  CC      crypto/asymmetric_keys/signature.o
  AR      fs/notify/dnotify/built-in.o
  AR      fs/notify/fanotify/built-in.o
  CC      fs/notify/inotify/inotify_fsnotify.o
  CC      block/partition-generic.o
  CC      crypto/asymmetric_keys/public_key.o
  CC      fs/notify/inotify/inotify_user.o
  CC      kernel/sched/membarrier.o
  CC      block/ioprio.o
  AR      fs/notify/inotify/built-in.o
  AR      fs/notify/built-in.o
  ASN.1   crypto/asymmetric_keys/x509-asn1.c
  ASN.1   crypto/asymmetric_keys/x509_akid-asn1.c
  CC      crypto/asymmetric_keys/x509_public_key.o
  CC      kernel/sched/psi.o
  CC      fs/ntfs/aops.o
  ASN.1   crypto/asymmetric_keys/pkcs7-asn1.c
  CC      crypto/asymmetric_keys/pkcs7_trust.o
  CC      block/badblocks.o
  AR      kernel/sched/built-in.o
  CC      kernel/special_opt/special_opt.o
  CC      crypto/asymmetric_keys/pkcs7_verify.o
  CC      fs/ntfs/attrib.o
  AR      kernel/special_opt/built-in.o
  CC      block/oppo_foreground_io_opt/oppo_high_prio_task.o
  CC      kernel/time/time.o
  AR      crypto/asymmetric_keys/asymmetric_keys.o
  CC      crypto/asymmetric_keys/x509-asn1.o
  CC      crypto/asymmetric_keys/x509_akid-asn1.o
  CC      fs/ntfs/collate.o
  CC      crypto/asymmetric_keys/x509_cert_parser.o
  CC      block/oppo_foreground_io_opt/oppo_foreground_io_opt.o
  CC      fs/ntfs/compress.o
  CC      kernel/time/timer.o
  CC      crypto/asymmetric_keys/pkcs7-asn1.o
  CC      crypto/asymmetric_keys/pkcs7_parser.o
  AR      block/oppo_foreground_io_opt/built-in.o
  CC      block/partitions/check.o
  AR      crypto/asymmetric_keys/x509_key_parser.o
  AR      crypto/asymmetric_keys/pkcs7_message.o
  CC      fs/ntfs/debug.o
  AR      crypto/asymmetric_keys/built-in.o
  CC      crypto/hash_info.o
  CC      crypto/simd.o
  CC      block/partitions/msdos.o
  CC      fs/ntfs/dir.o
  CC      block/partitions/efi.o
  AR      crypto/crypto.o
  AR      crypto/crypto_algapi.o
  AR      crypto/crypto_blkcipher.o
  AR      crypto/crypto_hash.o
  CC      crypto/rsapubkey-asn1.o
  CC      kernel/time/hrtimer.o
  CC      fs/ntfs/file.o
  CC      crypto/rsaprivkey-asn1.o
  AR      crypto/crypto_acompress.o
  AR      crypto/cryptomgr.o
  AR      crypto/jitterentropy_rng.o
  AR      crypto/crypto_simd.o
  AR      crypto/rsa_generic.o
  AR      crypto/built-in.o
  CC      kernel/trace/trace_clock.o
  AR      block/partitions/built-in.o
  CC      block/scsi_ioctl.o
  CC      kernel/trace/ring_buffer.o
  CC      kernel/time/timekeeping.o
  CC      fs/ntfs/index.o
  CC      block/blk-cgroup.o
  CC      fs/ntfs/inode.o
  CC      kernel/time/ntp.o
  CC      kernel/trace/trace.o
  CC      block/noop-iosched.o
  CC      kernel/time/clocksource.o
  CC      fs/ntfs/mft.o
  CC      block/deadline-iosched.o
  CC      kernel/time/jiffies.o
  CC      block/cfq-iosched.o
  CC      kernel/time/timer_list.o
  CC      fs/ntfs/mst.o
  CC      fs/ntfs/namei.o
  CC      kernel/time/timeconv.o
  CC      fs/ntfs/runlist.o
  CC      kernel/time/timecounter.o
  CC      kernel/time/alarmtimer.o
  CC      block/mq-deadline.o
../kernel/time/alarmtimer.c:173:32: warning: unused variable 'ratelimit' [-Wunused-variable]
        static DEFINE_RATELIMIT_STATE(ratelimit, HZ - 1, 5);
                                      ^
  CC      kernel/trace/trace_output.o
  CC      fs/ntfs/super.o
1 warning generated.
  CC      block/kyber-iosched.o
  CC      kernel/time/posix-timers.o
  CC      kernel/trace/trace_seq.o
  CC      block/bfq-iosched.o
  CC      fs/ntfs/sysctl.o
  CC      kernel/time/posix-cpu-timers.o
  CC      fs/ntfs/unistr.o
  CC      kernel/trace/trace_stat.o
  CC      fs/ntfs/upcase.o
  CC      kernel/time/posix-clock.o
  CC      kernel/trace/trace_printk.o
  CC      block/bfq-wf2q.o
  CC      fs/ntfs/bitmap.o
  CC      kernel/time/itimer.o
  CC      block/bfq-cgroup.o
  CC      fs/ntfs/lcnalloc.o
  CC      kernel/trace/trace_sched_switch.o
  CC      block/compat_ioctl.o
  CC      kernel/time/clockevents.o
  CC      fs/ntfs/logfile.o
  CC      kernel/trace/trace_nop.o
  CC      block/blk-mq-virtio.o
  CC      fs/ntfs/quota.o
  CC      kernel/trace/blktrace.o
  CC      kernel/time/tick-common.o
  CC      block/keyslot-manager.o
  CC      fs/ntfs/usnjrnl.o
  AR      fs/ntfs/ntfs.o
  AR      fs/ntfs/built-in.o
  CC      kernel/trace/trace_events.o
  CC      fs/oexfat/exfat_core.o
  CC      kernel/time/tick-broadcast.o
../fs/oexfat/exfat_core.c:186:3: warning: misleading indentation; statement is not part of the previous 'if' [-Wmisleading-indentation]
                p_fs->PBR_sector = 0;
                ^
../fs/oexfat/exfat_core.c:183:2: note: previous statement is here
        if (sector_read(sb, 0, &tmp_bh, 1) != FFS_SUCCESS)
        ^
  CC      block/bio-crypt-ctx.o
  CC      kernel/time/tick-broadcast-hrtimer.o
  CC      block/blk-crypto.o
  CC      kernel/time/sched_clock.o
  CC      kernel/trace/trace_export.o
1 warning generated.
  CC      kernel/time/tick-oneshot.o
  CC      fs/oexfat/exfat_super.o
  CC      block/blk-crypto-fallback.o
  CC      kernel/time/tick-sched.o
  CC      kernel/trace/trace_event_perf.o
  AR      block/bfq.o
  AR      block/built-in.o
  CC      kernel/trace/trace_events_filter.o
  CC      fs/oexfat/exfat_api.o
  CC      kernel/trace/trace_events_trigger.o
  AR      kernel/time/built-in.o
  CC      kernel/uifirst/uifirst_sched_common.o
  CC      fs/oexfat/exfat_blkdev.o
  CC      kernel/uifirst/uifirst_sched_mutex.o
  CC      fs/oexfat/exfat_cache.o
  CC      kernel/trace/bpf_trace.o
  CC      kernel/uifirst/uifirst_sched_rwsem.o
  CC      kernel/trace/power-traces.o
  CC      kernel/uifirst/uifirst_sched_futex.o
  CC      fs/oexfat/exfat_data.o
  CC      kernel/uifirst/uifirst_sched_workqueue.o
  AR      kernel/uifirst/built-in.o
  CC      kernel/freezer.o
  CC      fs/oexfat/exfat_bitmap.o
  CC      kernel/trace/rpm-traces.o
  CC      fs/oexfat/exfat_nls.o
  CC      kernel/trace/trace_probe.o
  CC      kernel/trace/trace_uprobe.o
  CC      fs/oexfat/exfat_oal.o
  CC      kernel/trace/mtk_trace.o
  CC      fs/oexfat/exfat_upcase.o
  CC      kernel/profile.o
  AR      fs/oexfat/exfat.o
  AR      fs/oexfat/built-in.o
  CC      fs/oext4/balloc.o
  CC      fs/oext4/bitmap.o
  AR      kernel/trace/built-in.o
  CC      fs/oext4/block_validity.o
  CC      kernel/stacktrace.o
  CC      fs/oext4/dir.o
  CC      kernel/futex.o
  CC      fs/oext4/ext4_jbd2.o
  CC      fs/oext4/extents.o
  CC      fs/oext4/extents_status.o
  CC      drivers/amba/bus.o
  CC      kernel/smp.o
  AR      drivers/amba/built-in.o
  CC      drivers/android/binderfs.o
  CC      sound/sound_core.o
  CC      fs/oext4/file.o
  CC      kernel/uid16.o
  CC      drivers/android/binder.o
  AR      sound/arm/built-in.o
  AR      sound/atmel/built-in.o
  CC      fs/oext4/fsmap.o
  CC      sound/core/sound.o
  CC      kernel/module.o
  CC      sound/core/init.o
  CC      fs/oext4/fsync.o
  CC      sound/core/memory.o
  CC      fs/oext4/hash.o
  CC      sound/core/control.o
  CC      kernel/kallsyms.o
  CC      fs/oext4/ialloc.o
  CC      drivers/android/binder_alloc.o
  CC      sound/core/misc.o
  CC      kernel/compat.o
  CC      fs/oext4/indirect.o
  AR      drivers/android/built-in.o
  AR      drivers/auxdisplay/built-in.o
  CC      drivers/base/component.o
  CC      sound/core/device.o
  CC      drivers/base/core.o
  CC      sound/core/info.o
  CC      kernel/utsname.o
  CC      fs/oext4/inline.o
  CC      kernel/pid_namespace.o
  CC      sound/core/ctljack.o
  CC      sound/core/jack.o
  CC      drivers/base/bus.o
  GZIP    kernel/config_data.gz
  CC      kernel/stop_machine.o
  CC      fs/oext4/inode.o
  CC      kernel/audit.o
  CC      sound/core/hwdep.o
  CC      drivers/base/dd.o
  CC      sound/core/timer.o
  CC      kernel/auditfilter.o
  CC      drivers/base/syscore.o
  CC      kernel/auditsc.o
  CC      sound/core/hrtimer.o
  CC      fs/oext4/ioctl.o
  CC      drivers/base/driver.o
  CC      sound/core/pcm.o
  CC      drivers/base/class.o
  CC      fs/oext4/mballoc.o
  CC      kernel/audit_watch.o
  CC      sound/core/pcm_native.o
  CC      drivers/base/platform.o
  CC      kernel/audit_fsnotify.o
  CC      drivers/base/cpu.o
  CC      kernel/audit_tree.o
  CC      drivers/base/firmware.o
  CC      kernel/hung_task.o
  CC      fs/oext4/migrate.o
  CC      drivers/base/init.o
  CC      drivers/base/map.o
  CC      sound/core/pcm_lib.o
  CC      fs/oext4/mmp.o
  CC      drivers/base/devres.o
  CC      kernel/seccomp.o
  CC      fs/oext4/move_extent.o
  CC      drivers/base/attribute_container.o
  CC      kernel/utsname_sysctl.o
  CC      fs/oext4/namei.o
  CC      drivers/base/transport_class.o
  CC      kernel/taskstats.o
  CC      sound/core/pcm_misc.o
  CC      drivers/base/topology.o
  CC      kernel/tsacct.o
  CC      drivers/base/container.o
  CC      sound/core/pcm_memory.o
  CC      kernel/tracepoint.o
  CC      drivers/base/property.o
  CC      sound/core/memalloc.o
  CC      fs/oext4/page-io.o
  CC      kernel/elfcore.o
  CC      kernel/irq_work.o
  CC      sound/core/pcm_timer.o
  CC      fs/oext4/readpage.o
  CC      drivers/base/cacheinfo.o
  CC      sound/core/seq_device.o
  CC      kernel/cpu_pm.o
  CC      drivers/base/power/sysfs.o
  CC      fs/oext4/resize.o
  CC      sound/core/rawmidi.o
  CC      kernel/memremap.o
  CC      drivers/base/power/generic_ops.o
  CC      fs/oext4/super.o
  CC      drivers/base/power/common.o
  CHK     kernel/kheaders_data.tar.xz
  GEN     kernel/kheaders_data.tar.xz
  CC      sound/core/seq/seq.o
  CC      drivers/base/power/qos.o
  CC      sound/core/seq/seq_lock.o
  CC      sound/core/seq/seq_clientmgr.o
  CC      drivers/base/power/runtime.o
  CC      sound/core/seq/seq_memory.o
  CC      drivers/base/power/wakeirq.o
  CC      sound/core/seq/seq_queue.o
  CC      drivers/base/power/main.o
  CC      sound/core/seq/seq_fifo.o
  CC      fs/oext4/symlink.o
  CC      sound/core/seq/seq_prioq.o
  CC      fs/oext4/sysfs.o
  CC      sound/core/seq/seq_timer.o
  CC      drivers/base/power/wakeup.o
  CC      sound/core/seq/seq_system.o
  CC      fs/oext4/xattr.o
  CC      sound/core/seq/seq_ports.o
  CC      drivers/base/power/wakeup_stats.o
  CC      sound/core/seq/seq_info.o
  CC      fs/oext4/xattr_trusted.o
  CC      drivers/base/power/opp/core.o
  CC      sound/core/seq/seq_dummy.o
  CC      sound/core/seq/seq_midi.o
  CC      fs/oext4/xattr_user.o
  CC      sound/core/seq/seq_midi_event.o
  CC      fs/oext4/acl.o
  CC      drivers/base/power/opp/cpu.o
  AR      sound/core/seq/snd-seq.o
  AR      sound/core/seq/snd-seq-dummy.o
  AR      sound/core/seq/snd-seq-midi.o
  AR      sound/core/seq/snd-seq-midi-event.o
  AR      sound/core/seq/built-in.o
  CC      fs/oext4/xattr_security.o
  AR      sound/core/snd.o
  AR      sound/core/snd-hwdep.o
  CC      drivers/base/power/opp/of.o
  AR      sound/core/snd-timer.o
  AR      sound/core/snd-hrtimer.o
  AR      sound/core/snd-pcm.o
  AR      sound/core/snd-seq-device.o
  AR      sound/core/snd-rawmidi.o
  AR      sound/core/built-in.o
  AR      sound/drivers/mpu401/built-in.o
  AR      sound/drivers/opl3/built-in.o
  AR      sound/drivers/opl4/built-in.o
  AR      sound/drivers/pcsp/built-in.o
  AR      sound/drivers/vx/built-in.o
  AR      sound/drivers/built-in.o
  AR      sound/firewire/built-in.o
  AR      sound/hda/built-in.o
  AR      sound/i2c/other/built-in.o
  AR      sound/i2c/built-in.o
  CC      fs/oext4/verity.o
  AR      sound/isa/ad1816a/built-in.o
  AR      sound/isa/ad1848/built-in.o
  AR      sound/isa/cs423x/built-in.o
  AR      sound/isa/es1688/built-in.o
  AR      sound/isa/galaxy/built-in.o
  AR      sound/isa/gus/built-in.o
  AR      sound/isa/msnd/built-in.o
  AR      sound/isa/opti9xx/built-in.o
  AR      sound/isa/sb/built-in.o
  AR      sound/isa/wavefront/built-in.o
  AR      sound/isa/wss/built-in.o
  AR      sound/isa/built-in.o
  AR      sound/mips/built-in.o
  CC      fs/oext4/discard.o
  AR      sound/parisc/built-in.o
  AR      sound/pci/ac97/built-in.o
  AR      sound/pci/ali5451/built-in.o
  AR      sound/pci/asihpi/built-in.o
  AR      sound/pci/au88x0/built-in.o
  AR      sound/pci/aw2/built-in.o
  AR      sound/pci/ca0106/built-in.o
  AR      sound/pci/cs46xx/built-in.o
  AR      sound/pci/cs5535audio/built-in.o
  AR      sound/pci/ctxfi/built-in.o
  AR      sound/pci/echoaudio/built-in.o
  AR      sound/pci/emu10k1/built-in.o
  AR      sound/pci/hda/built-in.o
  AR      sound/pci/ice1712/built-in.o
  AR      sound/pci/korg1212/built-in.o
  AR      fs/oext4/ext4.o
  AR      fs/oext4/built-in.o
  AR      sound/pci/lola/built-in.o
  AR      sound/pci/lx6464es/built-in.o
  CC      fs/of2fs/dir.o
  AR      sound/pci/mixart/built-in.o
  AR      sound/pci/nm256/built-in.o
  AR      sound/pci/oxygen/built-in.o
  AR      sound/pci/pcxhr/built-in.o
  AR      sound/pci/riptide/built-in.o
  AR      sound/pci/rme9652/built-in.o
  AR      sound/pci/trident/built-in.o
  AR      sound/pci/vx222/built-in.o
  AR      sound/pci/ymfpci/built-in.o
  AR      sound/pci/built-in.o
  AR      drivers/base/power/opp/built-in.o
  CC      drivers/base/power/oppo_pwr_dbg/debug_load.o
  AR      sound/pcmcia/pdaudiocf/built-in.o
  AR      sound/pcmcia/vx/built-in.o
  AR      sound/pcmcia/built-in.o
  AR      sound/ppc/built-in.o
  AR      sound/sh/built-in.o
  CC      sound/soc/soc-core.o
  AR      drivers/base/power/oppo_pwr_dbg/built-in.o
  CC      drivers/base/power/clock_ops.o
  CC      fs/of2fs/file.o
  AR      drivers/base/power/built-in.o
  CC      drivers/base/regmap/regmap.o
  CC      sound/soc/soc-dapm.o
  CC      drivers/base/regmap/regcache.o
  CC      fs/of2fs/inode.o
  CC      drivers/base/regmap/regcache-rbtree.o
  CC      sound/soc/soc-jack.o
  CC      drivers/base/regmap/regcache-flat.o
  CC      fs/of2fs/namei.o
  CC      drivers/base/regmap/regmap-i2c.o
  CC      sound/soc/soc-cache.o
  CC      drivers/base/regmap/regmap-spi.o
  CC      fs/of2fs/hash.o
  CC      sound/soc/soc-utils.o
  CC      drivers/base/regmap/regmap-mmio.o
  CC      fs/of2fs/super.o
  CC      sound/soc/soc-pcm.o
  AR      drivers/base/regmap/built-in.o
  AR      drivers/base/test/built-in.o
  CC      drivers/base/dma-mapping.o
  CC      drivers/base/dma-coherent.o
  CC      sound/soc/soc-io.o
  CC      drivers/base/firmware_class.o
  CC      sound/soc/soc-devres.o
  CC      fs/of2fs/inline.o
  CC      drivers/base/module.o
  CC      sound/soc/soc-ops.o
  CC      drivers/base/pinctrl.o
  CC      fs/of2fs/checkpoint.o
  CC      drivers/base/arch_topology.o
  AR      sound/soc/adi/built-in.o
  AR      sound/soc/amd/built-in.o
  AR      sound/soc/atmel/built-in.o
  AR      sound/soc/au1x/built-in.o
  AR      sound/soc/bcm/built-in.o
  AR      sound/soc/blackfin/built-in.o
  AR      sound/soc/cirrus/built-in.o
  CC      sound/soc/codecs/mt6358.o
  AR      drivers/base/built-in.o
  CC      drivers/block/brd.o
  CC      drivers/block/loop.o
  CC      fs/of2fs/gc.o
  CC      sound/soc/codecs/mt6660.o
  CC      drivers/block/zram/zcomp.o
  CC      sound/soc/codecs/mt6660-regmap.o
  CC      drivers/block/zram/zram_drv.o
  CC      sound/soc/codecs/mt6660-param.o
  AR      drivers/block/zram/zram.o
  AR      drivers/block/zram/built-in.o
  AR      drivers/block/built-in.o
  AR      drivers/bus/built-in.o
  AR      drivers/cdrom/built-in.o
  CC      sound/soc/codecs/audio/driver/audio_extend_drv.o
  CC      drivers/char/mem.o
  CC      fs/of2fs/data.o
  CC      drivers/char/random.o
  AR      sound/soc/codecs/audio/driver/snd-audio-extend.o
  AR      sound/soc/codecs/audio/driver/built-in.o
  AR      sound/soc/codecs/audio/built-in.o
  AR      sound/soc/codecs/snd-soc-mt6358.o
  AR      sound/soc/codecs/snd-soc-mt6660.o
  AR      sound/soc/codecs/built-in.o
  AR      sound/soc/davinci/built-in.o
  AR      sound/soc/dwc/built-in.o
  AR      sound/soc/fsl/built-in.o
  AR      sound/soc/generic/built-in.o
  AR      sound/soc/hisilicon/built-in.o
  AR      sound/soc/img/built-in.o
../drivers/char/random.c:1853:1:  AR      sound/soc/intel/boards/built-in.o
 warning: unused function 'random_read' [-Wunused-function]
random_read(struct file *file, char __user *buf, size_t nbytes, loff_t *ppos)
^
  AR      sound/soc/intel/built-in.o
  AR      sound/soc/jz4740/built-in.o
  AR      sound/soc/kirkwood/built-in.o
  CC      sound/soc/mediatek/common/mtk-mmap-ion.o
  CC      sound/soc/mediatek/common/mtk-afe-platform-driver.o
1 warning generated.
  CC      drivers/char/misc.o
  CC      sound/soc/mediatek/common/mtk-afe-fe-dai.o
  CC      fs/of2fs/node.o
  AR      drivers/char/agp/built-in.o
  CC      drivers/char/hw_random/core.o
  CC      sound/soc/mediatek/common/mtk-sram-manager.o
  CC      sound/soc/mediatek/common/mtk-sp-pcm-ops.o
  CC      drivers/char/hw_random/mt67xx-rng.o
  AR      drivers/char/hw_random/rng-core.o
  AR      drivers/char/hw_random/built-in.o
  CC      sound/soc/mediatek/common/mtk-afe-debug.o
  CC      fs/of2fs/segment.o
  CC      drivers/char/rpmb/rpmb-mtk.o
  CC      sound/soc/mediatek/common/mtk-sp-spk-amp.o
  CC      drivers/char/rpmb/core.o
  CC      sound/soc/mediatek/common/mtk-usip.o
  AR      drivers/char/rpmb/rpmb.o
  AR      drivers/char/rpmb/built-in.o
  AR      drivers/char/built-in.o
  AR      drivers/char/ipmi/built-in.o
  CC      drivers/clk/clk-devres.o
  CC      sound/soc/mediatek/common/mtk-btcvsd.o
  CC      drivers/clk/clk-bulk.o
  AR      sound/soc/mediatek/common/snd-soc-mtk-common.o
  AR      sound/soc/mediatek/common/snd-soc-mtk-sp-common.o
  AR      sound/soc/mediatek/common/built-in.o
  CC      sound/soc/mediatek/mt6768/mt6768-afe-pcm.o
  CC      drivers/clk/clkdev.o
  CC      sound/soc/mediatek/mt6768/mt6768-afe-clk.o
  CC      fs/of2fs/recovery.o
  CC      drivers/clk/clk.o
  CC      sound/soc/mediatek/mt6768/mt6768-afe-gpio.o
../drivers/clk/clk.c:48:27: warning: unused variable 'orphan_list' [-Wunused-variable]
static struct hlist_head *orphan_list[] = {
                          ^
  CC      sound/soc/mediatek/mt6768/mt6768-dai-adda.o
  CC      fs/of2fs/shrinker.o
1 warning generated.
  CC      sound/soc/mediatek/mt6768/mt6768-afe-control.o
  CC      fs/of2fs/extent_cache.o
  CC      drivers/clk/clk-divider.o
  CC      sound/soc/mediatek/mt6768/mt6768-dai-i2s.o
  CC      drivers/clk/clk-fixed-factor.o
  CC      sound/soc/mediatek/mt6768/mt6768-dai-hw-gain.o
  CC      fs/of2fs/sysfs.o
  CC      sound/soc/mediatek/mt6768/mt6768-dai-pcm.o
  CC      drivers/clk/clk-fixed-rate.o
  CC      sound/soc/mediatek/mt6768/mt6768-dai-hostless.o
  CC      fs/of2fs/debug.o
  CC      drivers/clk/clk-gate.o
  CC      sound/soc/mediatek/mt6768/mt6768-misc-control.o
  CHK     kernel/config_data.h
  UPD     kernel/config_data.h
  CC [M]  kernel/kheaders.o
  CC      drivers/clk/clk-multiplier.o
  CC      fs/of2fs/xattr.o
  CC      kernel/configs.o
  CC      drivers/clk/clk-mux.o
  AR      kernel/built-in.o
  CC      sound/soc/mediatek/mt6768/mt6768-mt6358.o
  AR      firmware/built-in.o
  CC      net/socket.o
  CC      drivers/clk/clk-composite.o
  CC      fs/of2fs/acl.o
  AR      sound/soc/mediatek/mt6768/snd-soc-mt6768-afe.o
  AR      sound/soc/mediatek/mt6768/built-in.o
  CC      drivers/clk/clk-fractional-divider.o
  CC      sound/soc/mediatek/sia81xx/sia81xx.o
  CC      fs/of2fs/verity.o
  CC      drivers/clk/clk-gpio.o
  CC      fs/of2fs/of2fs_sysfs.o
  CC      sound/soc/mediatek/sia81xx/sia81xx_regmap.o
  CC      drivers/clk/clk-conf.o
  AR      fs/of2fs/f2fs.o
  AR      fs/of2fs/built-in.o
  CC      fs/osdcardfs/dentry.o
  CC      sound/soc/mediatek/sia81xx/sia81xx_aux_dev_if.o
  CC      drivers/clk/clk-xgene.o
  CC      fs/osdcardfs/file.o
  AR      drivers/clk/bcm/built-in.o
  CC      sound/soc/mediatek/sia81xx/sia81xx_set_vdd.o
  AR      drivers/clk/imgtec/built-in.o
  CC      drivers/clk/mediatek/clk-fixup-div.o
  CC      net/802/p8022.o
  CC      fs/osdcardfs/inode.o
  CC      sound/soc/mediatek/sia81xx/sia8101_regs.o
  CC      drivers/clk/mediatek/clk-mtk.o
  CC      sound/soc/mediatek/sia81xx/sia8108_regs.o
  CC      drivers/clk/mediatek/clk-pll.o
  CC      fs/osdcardfs/main.o
  CC      net/802/psnap.o
  CC      sound/soc/mediatek/sia81xx/sia8109_regs.o
  CC      drivers/clk/mediatek/clk-gate.o
  CC      sound/soc/mediatek/sia81xx/sia81xx_timer_task.o
  CC      drivers/clk/mediatek/clk-apmixed.o
  CC      fs/osdcardfs/super.o
  CC      sound/soc/mediatek/sia81xx/sia81xx_socket.o
  CC      drivers/clk/mediatek/clk-cpumux.o
  CC      net/802/stp.o
  CC      fs/osdcardfs/lookup.o
  CC      drivers/clk/mediatek/clk-mux.o
  CC      sound/soc/mediatek/sia81xx/sia81xx_tuning_if_dev.o
  CC      fs/osdcardfs/mmap.o
  CC      drivers/clk/mediatek/clk-mt6768.o
  AR      net/802/built-in.o
  CC      net/8021q/vlan_core.o
  CC      fs/osdcardfs/packagelist.o
  AR      sound/soc/mediatek/sia81xx/snd-soc-sia81xx.o
  AR      sound/soc/mediatek/sia81xx/built-in.o
  AR      sound/soc/mediatek/built-in.o
  AR      sound/soc/mxs/built-in.o
  AR      sound/soc/nuc900/built-in.o
  AR      sound/soc/omap/built-in.o
  AR      sound/soc/pxa/built-in.o
  CC      drivers/clk/mediatek/clk-mtk-v1.o
  AR      sound/soc/qcom/built-in.o
  AR      sound/soc/rockchip/built-in.o
  AR      sound/soc/samsung/built-in.o
  AR      sound/soc/sh/built-in.o
  AR      sound/soc/sirf/built-in.o
  AR      sound/soc/spear/built-in.o
  AR      sound/soc/sti/built-in.o
  AR      sound/soc/stm/built-in.o
  AR      sound/soc/sunxi/built-in.o
  AR      sound/soc/tegra/built-in.o
  AR      sound/soc/txx9/built-in.o
  AR      sound/soc/ux500/built-in.o
  AR      sound/soc/xtensa/built-in.o
  CC      drivers/clk/mediatek/clk-mt6768-pg.o
  AR      sound/soc/zte/built-in.o
  AR      sound/soc/snd-soc-core.o
  AR      sound/soc/built-in.o
  AR      sound/sparc/built-in.o
  AR      sound/spi/built-in.o
  AR      sound/synth/emux/built-in.o
  AR      sound/synth/built-in.o
  CC      sound/usb/card.o
  CC      net/8021q/vlan.o
  CC      drivers/clk/mediatek/clkdbg.o
  CC      sound/usb/clock.o
  CC      net/8021q/vlan_dev.o
  CC      sound/usb/endpoint.o
  CC      fs/osdcardfs/derived_perm.o
  AR      drivers/clk/mediatek/built-in.o
  AR      drivers/clk/mvebu/built-in.o
  AR      drivers/clk/renesas/built-in.o
  AR      drivers/clk/ti/built-in.o
  AR      drivers/clk/built-in.o
  CC      net/8021q/vlan_netlink.o
  AR      fs/osdcardfs/sdcardfs.o
  AR      fs/osdcardfs/built-in.o
  CC      drivers/clocksource/timer-of.o
  CC      sound/usb/format.o
  CC      fs/overlayfs/super.o
  CC      drivers/clocksource/timer-probe.o
  CC      sound/usb/helper.o
  CC      net/8021q/vlanproc.o
  CC      fs/overlayfs/namei.o
  CC      drivers/clocksource/mmio.o
  CC      sound/usb/mixer.o
  AR      net/8021q/8021q.o
  CC      fs/overlayfs/util.o
  AR      net/8021q/built-in.o
  CC      drivers/clocksource/mtk_apxgpt.o
  CC      net/bpf/test_run.o
  CC      fs/overlayfs/inode.o
  CC      drivers/clocksource/mtk_systimer.o
  CC      fs/overlayfs/dir.o
  AR      net/bpf/built-in.o
  CC      drivers/clocksource/arm_arch_timer.o
  CC      net/bridge/br.o
  CC      sound/usb/mixer_quirks.o
  CC      fs/overlayfs/readdir.o
  CC      net/bridge/br_device.o
  CC      sound/usb/mixer_scarlett.o
  CC      drivers/clocksource/dummy_timer.o
  CC      fs/overlayfs/copy_up.o
  AR      drivers/clocksource/built-in.o
  CC      drivers/cpufreq/cpufreq.o
  CC      sound/usb/mixer_us16x08.o
  AR      fs/overlayfs/overlay.o
  AR      fs/overlayfs/built-in.o
  CC      net/bridge/br_fdb.o
  CC      sound/usb/pcm.o
  CC      fs/proc/task_mmu.o
  CC      net/bridge/br_forward.o
  CC      sound/usb/proc.o
  CC      drivers/cpufreq/freq_table.o
  CC      fs/proc/inode.o
  CC      sound/usb/quirks.o
  CC      drivers/cpufreq/cpufreq_stats.o
  CC      fs/proc/root.o
  CC      drivers/cpufreq/cpufreq_times.o
  CC      sound/usb/stream.o
  CC      net/bridge/br_if.o
  CC      fs/proc/base.o
  CC      drivers/cpufreq/cpufreq_performance.o
  CC      sound/usb/midi.o
  CC      drivers/cpufreq/cpufreq_powersave.o
  CC      net/bridge/br_input.o
  CC      drivers/cpufreq/cpufreq_userspace.o
  CC      fs/proc/generic.o
  CC      drivers/cpufreq/cpufreq_ondemand.o
  AR      sound/usb/6fire/built-in.o
  AR      sound/usb/bcd2000/built-in.o
  AR      sound/usb/caiaq/built-in.o
  AR      sound/usb/hiface/built-in.o
  AR      sound/usb/misc/built-in.o
  AR      sound/usb/usx2y/built-in.o
  AR      sound/usb/snd-usb-audio.o
  AR      sound/usb/snd-usbmidi-lib.o
  AR      sound/usb/built-in.o
  AR      sound/x86/built-in.o
  CC      sound/last.o
  CC      net/bridge/br_ioctl.o
  CC      fs/proc/array.o
  CC      drivers/cpufreq/cpufreq_conservative.o
  AR      sound/soundcore.o
  AR      sound/built-in.o
  AS      arch/arm64/lib/crc32.o
  AS      arch/arm64/lib/bitops.o
  AS      arch/arm64/lib/clear_page.o
  AS      arch/arm64/lib/clear_user.o
  CC      drivers/cpufreq/cpufreq_interactive.o
  AS      arch/arm64/lib/copy_from_user.o
  AS      arch/arm64/lib/copy_in_user.o
  AS      arch/arm64/lib/copy_page.o
  AS      arch/arm64/lib/copy_to_user.o
  CC      arch/arm64/lib/delay.o
  CC      fs/proc/fd.o
  CC      net/bridge/br_stp.o
  AS      arch/arm64/lib/memchr.o
  AS      arch/arm64/lib/memcmp.o
  AS      arch/arm64/lib/memcpy.o
  CC      drivers/cpufreq/cpufreq_governor.o
  CC      fs/proc/proc_tty.o
  AS      arch/arm64/lib/memmove.o
  AS      arch/arm64/lib/memset.o
  AS      arch/arm64/lib/strchr.o
  AS      arch/arm64/lib/strcmp.o
  AS      arch/arm64/lib/strlen.o
  CC      fs/proc/cmdline.o
  AS      arch/arm64/lib/strncmp.o
  AS      arch/arm64/lib/strnlen.o
  CC      drivers/cpufreq/cpufreq_governor_attr_set.o
  AS      arch/arm64/lib/strrchr.o
  CC      net/bridge/br_stp_bpdu.o
  CC      fs/proc/consoles.o
  AR      arch/arm64/lib/lib.a
  EXPORTS arch/arm64/lib/lib-ksyms.o
  AR      arch/arm64/lib/built-in.o
  CC      lib/lockref.o
  CC      fs/proc/cpuinfo.o
  CC      lib/bcd.o
  AR      drivers/cpufreq/built-in.o
  CC      drivers/cpuidle/cpuidle.o
  CC      lib/div64.o
  CC      fs/proc/devices.o
  CC      lib/sort.o
  CC      lib/parser.o
  CC      net/bridge/br_stp_if.o
  CC      fs/proc/interrupts.o
  CC      lib/debug_locks.o
  CC      fs/proc/loadavg.o
  CC      lib/random32.o
  CC      net/bridge/br_stp_timer.o
  CC      drivers/cpuidle/driver.o
  CC      fs/proc/meminfo.o
  CC      lib/bust_spinlocks.o
  CC      fs/proc/stat.o
  CC      net/bridge/br_netlink.o
  CC      drivers/cpuidle/governor.o
  CC      lib/kasprintf.o
  CC      drivers/cpuidle/sysfs.o
  CC      fs/proc/uptime.o
  CC      lib/bitmap.o
  CC      fs/proc/version.o
  CC      drivers/cpuidle/governors/menu.o
  CC      net/bridge/br_netlink_tunnel.o
  CC      fs/proc/softirqs.o
  CC      drivers/cpuidle/governors/mtk_menu.o
  CC      fs/proc/namespaces.o
  CC      lib/scatterlist.o
  AR      drivers/cpuidle/governors/built-in.o
  CC      drivers/cpuidle/cpuidle-mtk_acao.o
  CC      net/bridge/br_sysfs_if.o
  CC      fs/proc/self.o
  CC      lib/gcd.o
  CC      fs/proc/thread_self.o
  CC      lib/lcm.o
  CC      lib/list_sort.o
  CC      net/bridge/br_sysfs_br.o
  AR      drivers/cpuidle/built-in.o
  AR      drivers/crypto/built-in.o
  CC      drivers/dax/super.o
  CC      fs/proc/uid.o
  CC      lib/uuid.o
  CC      lib/flex_array.o
  CC      fs/proc/proc_sysctl.o
  CC      lib/iov_iter.o
  AR      drivers/dax/dax.o
  AR      drivers/dax/built-in.o
  CC      net/bridge/br_nf_core.o
  CC      drivers/devfreq/devfreq.o
  CC      net/bridge/br_multicast.o
  CC      fs/proc/proc_net.o
  CC      drivers/devfreq/helio-dvfsrc-ipi.o
  CC      drivers/devfreq/helio-dvfsrc-v2/helio-dvfsrc.o
  CC      lib/clz_ctz.o
  CC      lib/bsearch.o
  CC      fs/proc/kmsg.o
  CC      drivers/devfreq/helio-dvfsrc-v2/helio-dvfsrc-mt6768.o
  CC      fs/proc/page.o
  CC      lib/find_bit.o
  CC      lib/llist.o
  CC      fs/proc/devinfo.o
  CC      lib/memweight.o
  CC      drivers/devfreq/helio-dvfsrc-v2/helio-dvfsrc-opp-mt6768.o
  CC      net/bridge/br_mdb.o
  CC      lib/kfifo.o
  CC      fs/proc/task_cpustats.o
  CC      drivers/devfreq/helio-dvfsrc-v2/helio-dvfsrc-opp.o
  CC      lib/percpu-refcount.o
  CC      drivers/devfreq/helio-dvfsrc-v2/helio-dvfsrc-sysfs.o
  CC      fs/proc/oppo_healthinfo/oppo_cpuload.o
  AR      net/bridge/netfilter/built-in.o
  CC [M]  net/bridge/br_netfilter_hooks.o
  CC      lib/percpu_ida.o
  AR      drivers/devfreq/built-in.o
  CC      drivers/dma/dmaengine.o
  CC      fs/proc/oppo_healthinfo/oppo_jank_monitor.o
  CC      lib/rhashtable.o
  CC [M]  net/bridge/br_netfilter_ipv6.o
  CC      fs/proc/oppo_healthinfo/fg_uid/fg_uid.o
  AR      fs/proc/oppo_healthinfo/fg_uid/built-in.o
  AR      fs/proc/oppo_healthinfo/built-in.o
  AR      fs/proc/proc.o
  AR      fs/proc/built-in.o
  CC      fs/pstore/inode.o
  CC      drivers/dma/virt-dma.o
  AR      net/bridge/bridge.o
  LD [M]  net/bridge/br_netfilter.o
  AR      net/bridge/built-in.o
  CC      lib/reciprocal_div.o
  CC      net/core/sock.o
  CC      lib/once.o
  CC      fs/pstore/platform.o
  CC      drivers/dma/of-dma.o
  CC      lib/refcount.o
  CC      lib/usercopy.o
  CC      fs/pstore/pmsg.o
  CC      lib/errseq.o
  CC      drivers/dma/8250_mtk_dma.o
  CC      fs/pstore/ram.o
  CC      lib/string_helpers.o
  AR      drivers/dma/mediatek/built-in.o
  AR      drivers/dma/qcom/built-in.o
  CC      fs/pstore/ram_core.o
  AR      drivers/dma/xilinx/built-in.o
  AR      drivers/dma/built-in.o
  CC      drivers/dma-buf/dma-buf.o
  CC      lib/hexdump.o
  CC      net/core/request_sock.o
  CC      lib/kstrtox.o
  AR      fs/pstore/pstore.o
  AR      fs/pstore/ramoops.o
  AR      fs/pstore/built-in.o
  CC      fs/quota/dquot.o
  CC      lib/pci_iomap.o
  CC      net/core/skbuff.o
  CC      drivers/dma-buf/dma-fence.o
  CC      lib/iomap_copy.o
  CC      lib/devres.o
  CC      drivers/dma-buf/dma-fence-array.o
  CC      fs/quota/quota_v2.o
  CC      lib/hweight.o
  CC      drivers/dma-buf/reservation.o
  CC      lib/assoc_array.o
  CC      fs/quota/quota_tree.o
  CC      drivers/dma-buf/seqno-fence.o
  CC      fs/quota/quota.o
  CC      lib/list_debug.o
  CC      lib/bitrev.o
  CC      lib/rational.o
  CC      drivers/dma-buf/sync_file.o
  CC      lib/crc-ccitt.o
  CC      net/core/datagram.o
  CC      lib/crc16.o
  CC      fs/quota/kqid.o
  AR      drivers/dma-buf/built-in.o
  CC      drivers/extcon/extcon.o
  HOSTCC  lib/gen_crc32table
  CC      fs/quota/netlink.o
  CC      lib/libcrc32c.o
  CC      lib/genalloc.o
  CC      net/core/stream.o
  CC      drivers/extcon/devres.o
  AR      fs/quota/built-in.o
  CC      fs/ramfs/inode.o
  AR      drivers/extcon/extcon-core.o
  AR      drivers/extcon/built-in.o
  AR      drivers/firewire/built-in.o
  CC      drivers/firmware/psci.o
  CC      lib/fonts/fonts.o
  CC      fs/ramfs/file-mmu.o
  CC      net/core/scm.o
  AR      fs/ramfs/ramfs.o
  AR      fs/ramfs/built-in.o
  CC      fs/sysfs/file.o
  CC      lib/fonts/font_8x16.o
  AR      drivers/firmware/broadcom/built-in.o
  AR      drivers/firmware/meson/built-in.o
  AR      drivers/firmware/tegra/built-in.o
  AR      drivers/firmware/built-in.o
  CC      drivers/gpio/devres.o
  AR      lib/fonts/font.o
  AR      lib/fonts/built-in.o
  CC      lib/lz4/lz4_compress.o
  CC      fs/sysfs/dir.o
  CC      drivers/gpio/gpiolib.o
  CC      net/core/gen_stats.o
  CC      fs/sysfs/symlink.o
  CC      lib/lz4/lz4_decompress.o
  CC      fs/sysfs/mount.o
  CC      fs/sysfs/group.o
  CC      net/core/gen_estimator.o
  AR      lib/lz4/built-in.o
  CC      lib/lzo/lzo1x_compress.o
  AR      fs/sysfs/built-in.o
  CC      fs/tracefs/inode.o
  CC      drivers/gpio/gpiolib-legacy.o
  CC      lib/lzo/lzo1x_decompress_safe.o
  AR      fs/tracefs/tracefs.o
  AR      fs/tracefs/built-in.o
  CC      drivers/gpio/gpiolib-devprop.o
  CC      fs/verity/enable.o
  CC      net/core/net_namespace.o
  AR      lib/lzo/lzo_compress.o
  AR      lib/lzo/lzo_decompress.o
  AR      lib/lzo/built-in.o
  CC      lib/mpi/generic_mpih-lshift.o
  CC      drivers/gpio/gpiolib-of.o
  CC      lib/mpi/generic_mpih-mul1.o
  CC      fs/verity/hash_algs.o
  CC      lib/mpi/generic_mpih-mul2.o
  AR      drivers/gpio/built-in.o
  AR      drivers/gpu/drm/bridge/synopsys/built-in.o
  AR      drivers/gpu/drm/bridge/built-in.o
  AR      drivers/gpu/drm/hisilicon/built-in.o
  AR      drivers/gpu/drm/i2c/built-in.o
  AR      drivers/gpu/drm/omapdrm/displays/built-in.o
  CC      net/core/secure_seq.o
  AR      drivers/gpu/drm/omapdrm/dss/built-in.o
  AR      drivers/gpu/drm/omapdrm/built-in.o
  AR      drivers/gpu/drm/panel/built-in.o
  AR      drivers/gpu/drm/tilcdc/built-in.o
  AR      drivers/gpu/drm/built-in.o
  AR      drivers/gpu/vga/built-in.o
  AR      drivers/gpu/built-in.o
  CC      fs/verity/init.o
  CC      drivers/hid/hid-core.o
  CC      lib/mpi/generic_mpih-mul3.o
  CC      fs/verity/measure.o
  CC      lib/mpi/generic_mpih-rshift.o
  CC      lib/mpi/generic_mpih-sub1.o
  CC      fs/verity/open.o
  CC      net/core/flow_dissector.o
  CC      lib/mpi/generic_mpih-add1.o
  CC      drivers/hid/hid-input.o
  CC      fs/verity/verify.o
  CC      lib/mpi/mpicoder.o
  CC      fs/verity/signature.o
  CC      lib/mpi/mpi-bit.o
  AR      fs/verity/built-in.o
  CC      fs/eventpoll.o
  CC      net/core/sysctl_net_core.o
  CC      drivers/hid/hidraw.o
  CC      lib/mpi/mpi-cmp.o
  CC      net/core/dev.o
  CC      drivers/hid/uhid.o
  CC      lib/mpi/mpih-cmp.o
  CC      fs/anon_inodes.o
  CC      lib/mpi/mpih-div.o
  CC      drivers/hid/hid-generic.o
  CC      fs/signalfd.o
  CC      lib/mpi/mpih-mul.o
  CC      drivers/hid/hid-a4tech.o
  CC      drivers/hid/hid-apple.o
  CC      fs/timerfd.o
  CC      drivers/hid/hid-belkin.o
  CC      fs/eventfd.o
  CC      drivers/hid/hid-cherry.o
  CC      lib/mpi/mpi-pow.o
  CC      drivers/hid/hid-chicony.o
  CC      fs/aio.o
  CC      drivers/hid/hid-cypress.o
  CC      lib/mpi/mpiutil.o
  CC      drivers/hid/hid-dr.o
  CC      net/core/ethtool.o
  AR      lib/mpi/mpi.o
  AR      lib/mpi/built-in.o
  CC      drivers/hid/hid-ezkey.o
  CC      lib/reed_solomon/reed_solomon.o
  CC      drivers/hid/hid-gyration.o
  AR      lib/reed_solomon/built-in.o
  CC      fs/locks.o
  CC      lib/zlib_deflate/deflate.o
  CC      drivers/hid/hid-kensington.o
  CC      lib/zlib_deflate/deftree.o
  CC      drivers/hid/hid-kye.o
  CC      net/core/dev_addr_lists.o
  CC      drivers/hid/hid-lg.o
  CC      lib/zlib_deflate/deflate_syms.o
  CC      drivers/hid/hid-magicmouse.o
  AR      lib/zlib_deflate/zlib_deflate.o
  AR      lib/zlib_deflate/built-in.o
  CC      lib/zlib_inflate/inffast.o
  CC      fs/compat.o
  CC      net/core/dst.o
  CC      drivers/hid/hid-microsoft.o
  CC      fs/compat_ioctl.o
  CC      lib/zlib_inflate/inflate.o
  CC      drivers/hid/hid-monterey.o
  CC      lib/zlib_inflate/infutil.o
  CC      drivers/hid/hid-multitouch.o
  CC      net/core/netevent.o
  CC      lib/zlib_inflate/inftrees.o
  CC      lib/zlib_inflate/inflate_syms.o
  CC      drivers/hid/hid-nintendo.o
  AR      lib/zlib_inflate/zlib_inflate.o
  AR      lib/zlib_inflate/built-in.o
  CC      lib/textsearch.o
  CC      net/core/neighbour.o
  CC      drivers/hid/hid-pl.o
  CC      lib/ts_kmp.o
  CC      fs/binfmt_script.o
  CC      drivers/hid/hid-petalynx.o
  CC      lib/ts_bm.o
  CC      fs/binfmt_elf.o
  CC      drivers/hid/hid-plantronics.o
  CC      lib/ts_fsm.o
  CC      drivers/hid/hid-samsung.o
  CC      lib/percpu_counter.o
  CC      drivers/hid/hid-sjoy.o
  CC      fs/compat_binfmt_elf.o
  CC      lib/audit.o
  CC      net/core/rtnetlink.o
  CC      drivers/hid/hid-sony.o
  CC      lib/compat_audit.o
  CC      lib/swiotlb.o
  CC      drivers/hid/hid-sunplus.o
  CC      fs/mbcache.o
  CC      drivers/hid/hid-gaff.o
  CC      lib/iommu-helper.o
  CC      lib/iommu-common.o
  CC      drivers/hid/hid-tmff.o
  CC      fs/posix_acl.o
  CC      drivers/hid/hid-topseed.o
  CC      lib/fault-inject.o
  CC      net/core/utils.o
  CC      drivers/hid/hid-twinhan.o
  CC      fs/coredump.o
  CC      lib/syscall.o
  CC      drivers/hid/hid-zpff.o
  CC      lib/dynamic_debug.o
  CC      drivers/hid/usbhid/hid-core.o
  CC      net/core/link_watch.o
  CC      fs/drop_caches.o
  CC      drivers/hid/usbhid/hid-quirks.o
  CC      fs/dcookies.o
  CC      lib/nlattr.o
  CC      net/core/filter.o
  AR      drivers/hid/usbhid/usbhid.o
  AR      drivers/hid/usbhid/built-in.o
  AR      drivers/hid/hid.o
  AR      drivers/hid/hid-logitech.o
  AR      drivers/hid/built-in.o
  AR      drivers/hwtracing/intel_th/built-in.o
  CC      drivers/i2c/i2c-boardinfo.o
  CC      lib/checksum.o
  AR      fs/built-in.o
  CC      lib/cpu_rmap.o
  CC      lib/dynamic_queue_limits.o
  CC      drivers/i2c/i2c-core-base.o
  CC      lib/glob.o
  CC      lib/strncpy_from_user.o
  CC      lib/strnlen_user.o
  CC      net/core/sock_diag.o
  CC      lib/net_utils.o
  CC      lib/sg_pool.o
  CC      drivers/i2c/i2c-core-smbus.o
  AR      drivers/idle/built-in.o
  CC      drivers/iio/industrialio-core.o
  CC      lib/asn1_decoder.o
  CC      net/core/dev_ioctl.o
  GEN     lib/oid_registry_data.c
  CC      lib/sbitmap.o
  CC      drivers/i2c/i2c-core-of.o
  CC      drivers/iio/industrialio-event.o
  CC      net/core/tso.o
  CC      lib/argv_split.o
  CC      drivers/i2c/i2c-mux.o
  CC      lib/bug.o
  CC      drivers/iio/inkern.o
  CC      lib/chacha.o
  AR      drivers/i2c/algos/built-in.o
  CC      drivers/i2c/busses/i2c-mtk.o
  CC      net/core/sock_reuseport.o
  CC      lib/clz_tab.o
  CC      lib/cmdline.o
../drivers/i2c/busses/i2c-mtk.c:938:3: warning: add explicit braces to avoid dangling else [-Wdangling-else]
                else {
                ^
../drivers/i2c/busses/i2c-mtk.c:930:15: warning: unused variable 'chg_i2c' [-Wunused-variable]
        const char * chg_i2c = "i2c-7";
                     ^
  AR      drivers/iio/accel/built-in.o
  CC      drivers/iio/adc/mt6577_auxadc.o
  CC      lib/cpumask.o
  CC      lib/ctype.o
  CC      drivers/iio/adc/mt635x-auxadc.o
  CC      lib/dec_and_lock.o
2 warnings generated.
  CC      net/core/fib_notifier.o
  CC      lib/decompress.o
  CC      lib/decompress_inflate.o
  AR      drivers/iio/adc/built-in.o
  AR      drivers/iio/amplifiers/built-in.o
  AR      drivers/iio/buffer/built-in.o
  AR      drivers/iio/chemical/built-in.o
  AR      drivers/iio/common/cros_ec_sensors/built-in.o
  AR      drivers/iio/common/hid-sensors/built-in.o
  AR      drivers/iio/common/ms_sensors/built-in.o
  AR      drivers/iio/common/ssp_sensors/built-in.o
  AR      drivers/iio/common/st_sensors/built-in.o
  AR      drivers/iio/common/built-in.o
  AR      drivers/iio/counter/built-in.o
  AR      drivers/iio/dac/built-in.o
  AR      drivers/i2c/busses/built-in.o
  AR      drivers/iio/dummy/built-in.o
  AR      drivers/iio/frequency/built-in.o
  AR      drivers/i2c/muxes/built-in.o
  AR      drivers/i2c/i2c-core.o
  AR      drivers/iio/gyro/built-in.o
  AR      drivers/i2c/built-in.o
  AR      drivers/iio/health/built-in.o
  CC      lib/decompress_unlz4.o
  AR      drivers/iio/humidity/built-in.o
  CC      drivers/input/input.o
  AR      drivers/iio/imu/bmi160/built-in.o
  AR      drivers/iio/imu/inv_mpu6050/built-in.o
  AR      drivers/iio/imu/st_lsm6dsx/built-in.o
  AR      drivers/iio/imu/built-in.o
  AR      drivers/iio/light/built-in.o
  AR      drivers/iio/magnetometer/built-in.o
  AR      drivers/iio/multiplexer/built-in.o
  AR      drivers/iio/orientation/built-in.o
  AR      drivers/iio/potentiometer/built-in.o
  AR      drivers/iio/potentiostat/built-in.o
  AR      drivers/iio/pressure/built-in.o
  AR      drivers/iio/proximity/built-in.o
  AR      drivers/iio/temperature/built-in.o
  AR      drivers/iio/trigger/built-in.o
  AR      drivers/iio/industrialio.o
  CC      lib/dump_stack.o
  AR      drivers/iio/built-in.o
  CC      drivers/input/input-compat.o
  CC      net/core/net-sysfs.o
  CC      lib/earlycpio.o
  CC      lib/extable.o
  CC      lib/fdt.o
  CC      lib/fdt_empty_tree.o
  CC      lib/fdt_ro.o
  CC      lib/fdt_rw.o
  CC      drivers/input/input-mt.o
  CC      lib/fdt_strerror.o
  CC      lib/fdt_sw.o
  CC      lib/fdt_wip.o
  CC      lib/flex_proportions.o
  CC      lib/idr.o
  CC      net/core/net-procfs.o
  CC      drivers/input/ff-core.o
  CC      lib/int_sqrt.o
  CC      drivers/input/ff-memless.o
  CC      lib/ioremap.o
  CC      drivers/input/input-leds.o
  CC      net/core/fib_rules.o
  CC      lib/irq_regs.o
  CC      net/core/net-traces.o
  CC      lib/is_single_threaded.o
  CC      drivers/input/evdev.o
  CC      lib/klist.o
  CC      drivers/input/joystick/xpad.o
  CC      lib/kobject.o
  CC      lib/kobject_uevent.o
  AR      drivers/input/joystick/built-in.o
  CC      drivers/input/keyboard/mediatek/kpd.o
  CC      drivers/input/keyboard/mediatek/mt6768/hal_kpd.o
  CC      net/core/dst_cache.o
  CC      net/core/gro_cells.o
  AR      drivers/input/keyboard/mediatek/mt6768/built-in.o
  AR      drivers/input/keyboard/mediatek/built-in.o
  AR      drivers/input/keyboard/built-in.o
  CC      drivers/input/misc/uinput.o
  CC      lib/nmi_backtrace.o
  CC      lib/nodemask.o
  AR      drivers/input/misc/built-in.o
  CC      drivers/input/oppo_fp_drivers/egis/egis.o
  CC      drivers/input/oppo_fp_drivers/oppo_fp_common/oppo_fp_common.o
  AR      net/core/built-in.o
  CC      net/ethernet/eth.o
  CC      lib/plist.o
  CC      lib/radix-tree.o
  CC      drivers/input/oppo_fp_drivers/egis/ets_navi_input.o
  AR      drivers/input/oppo_fp_drivers/oppo_fp_common/built-in.o
  CC      drivers/input/oppo_fp_drivers/silead/silead_fp.o
  AR      drivers/input/oppo_fp_drivers/egis/built-in.o
  CC      drivers/iommu/iommu.o
  CC      lib/ratelimit.o
  AR      net/ethernet/built-in.o
  CC      net/ipv4/route.o
  CC      lib/rbtree.o
  CC      lib/seq_buf.o
  AR      drivers/input/oppo_fp_drivers/silead/built-in.o
  AR      drivers/input/oppo_fp_drivers/built-in.o
  CC      lib/sha1.o
  CC      drivers/input/oppo_secure_common/oppo_secure_common/oppo_secure_common.o
  CC      drivers/iommu/iommu-traces.o
  CC      lib/show_mem.o
  AR      drivers/input/oppo_secure_common/oppo_secure_common/built-in.o
  AR      drivers/input/oppo_secure_common/built-in.o
  CC      drivers/input/touchscreen/of_touchscreen.o
  CC      lib/siphash.o
  CC      drivers/iommu/iommu-sysfs.o
  CC      drivers/input/touchscreen/oppo_touchscreen/Novatek/novatek_common.o
  CC      net/ipv4/inetpeer.o
  CC      drivers/iommu/dma-iommu.o
  CC      lib/string.o
  CC      drivers/input/touchscreen/oppo_touchscreen/Novatek/NT36525B_noflash/nvt_drivers_nt36525b_noflash.o
  CC      lib/timerqueue.o
  CC      net/ipv4/protocol.o
  CC      lib/vsprintf.o
../drivers/input/touchscreen/oppo_touchscreen/Novatek/NT36525B_noflash/nvt_drivers_nt36525b_noflash.c:1088:16: warning: unused function 'nvt_nf_detect_chip' [-Wunused-function]
static int32_t nvt_nf_detect_chip(struct chip_data_nt36525b *chip_info)
               ^
  CC      drivers/iommu/iova.o
  CC      net/ipv4/ip_input.o
  CC      drivers/iommu/of_iommu.o
1 warning generated.
  AR      drivers/iommu/built-in.o
  CC      net/ipv4/ip_fragment.o
  CC      lib/win_minmax.o
  AR      drivers/input/touchscreen/oppo_touchscreen/Novatek/NT36525B_noflash/built-in.o
  AR      drivers/input/touchscreen/oppo_touchscreen/Novatek/built-in.o
  CC      drivers/irqchip/irqchip.o
  CC      drivers/input/touchscreen/oppo_touchscreen/ilitek/ilitek9881h_v3/ilitek_plat_qcom.o
  GEN     lib/crc32table.h
  CC      lib/oid_registry.o
  CC      drivers/irqchip/irq-gic.o
  AR      lib/lib.a
  CC      lib/crc32.o
  CC      drivers/irqchip/irq-gic-common.o
  CC      net/ipv4/ip_forward.o
  CC      drivers/irqchip/irq-gic-v3.o
  CC      drivers/input/touchscreen/oppo_touchscreen/ilitek/ilitek9881h_v3/ilitek_ic.o
  EXPORTS lib/lib-ksyms.o
  AR      lib/built-in.o
  AR      virt/lib/built-in.o
  AR      virt/built-in.o
  CC      net/ipv4/ip_options.o
  CC      drivers/irqchip/irq-partition-percpu.o
  CC      drivers/input/touchscreen/oppo_touchscreen/ilitek/ilitek9881h_v3/ilitek_mp.o
  CC      drivers/irqchip/irq-mtk-sysirq.o
  DTC     arch/arm64/boot/dts/mediatek/mt6768.dtb
  CC      drivers/input/touchscreen/oppo_touchscreen/ilitek/ilitek9881h_v3/ilitek_fw.o
  CC      net/ipv4/ip_output.o
  AR      drivers/irqchip/built-in.o
  CC      drivers/leds/led-core.o
  CC      drivers/leds/led-class.o
  CC      drivers/input/touchscreen/oppo_touchscreen/ilitek/ilitek9881h_v3/ilitek_node.o
  CC      drivers/leds/led-triggers.o
  CC      net/ipv4/ip_sockglue.o
  CC      net/ipv4/inet_hashtables.o
  CC      drivers/leds/trigger/ledtrig-timer.o
  AR      drivers/input/touchscreen/oppo_touchscreen/ilitek/ilitek9881h_v3/built-in.o
  CC      drivers/input/touchscreen/oppo_touchscreen/ilitek/ilitek9882n/ili9882n_qcom.o
  AR      drivers/leds/trigger/built-in.o
  AR      drivers/leds/built-in.o
  CC      net/ipv4/inet_timewait_sock.o
  CC      net/ipv4/inet_connection_sock.o
  CC      net/ipv4/tcp.o
  CC      net/ipv4/tcp_input.o
  CC      drivers/input/touchscreen/oppo_touchscreen/ilitek/ilitek9882n/ili9882n_ic.o
  CC      net/ipv4/tcp_output.o
  CC      drivers/input/touchscreen/oppo_touchscreen/ilitek/ilitek9882n/ili9882n_mp.o
  CC      net/ipv4/tcp_timer.o
  CC      net/ipv4/tcp_ipv4.o
  CC      net/ipv4/tcp_minisocks.o
  CC      drivers/input/touchscreen/touch.o
  CC      net/ipv4/tcp_cong.o
  CC      net/ipv4/tcp_metrics.o
  CC      net/ipv4/tcp_fastopen.o
  CC      net/ipv4/tcp_rate.o
  CC      net/ipv4/tcp_recovery.o
  CC      net/ipv4/tcp_ulp.o
  CC      net/ipv4/tcp_offload.o
  CC      net/ipv4/datagram.o
  CC      net/ipv6/af_inet6.o
  CC      net/ipv4/raw.o
  CC      net/ipv6/anycast.o
  CC      net/ipv6/ip6_output.o
  CC      net/ipv4/udp.o
  CC      net/key/af_key.o
  AR      net/key/built-in.o
  CC      net/l2tp/l2tp_core.o
  CC      net/ipv6/ip6_input.o
